<?xml version="1.0" encoding="UTF-8"?>
<!-- Generated by org.testng.reporters.JUnitXMLReporter -->
<testsuite ignored="1" hostname="IBM-PF37Z88L" failures="0" tests="2" name="Default test" time="46.782" errors="0" timestamp="2023-10-20T11:32:51 IST">
  <testcase classname="org.fw.UdemyPG.eCommerce_tc_3_UsingHashMap" name="FillForm" time="13.651"/>
  <testcase classname="org.fw.UdemyPG.eCommerce_tc_3_UsingHashMap" name="FillForm" time="16.281"/>
  <testcase classname="org.fw.UdemyPG.eCommerce_tc_3_UsingHashMap" name="VerifyErrorToastMessage" time="0.0">
    <ignored/>
  </testcase> <!-- VerifyErrorToastMessage -->
</testsuite> <!-- Default test -->
