<?xml version="1.0" encoding="UTF-8"?>
<!-- Generated by org.testng.reporters.JUnitXMLReporter -->
<testsuite ignored="0" hostname="IBM-PF37Z88L" failures="0" tests="3" name="Test" time="76.348" errors="0" timestamp="2023-10-25T16:23:20 IST">
  <testcase classname="org.fw.UdemyPG.eCommerce_tc_2" name="FillForm" time="19.027"/>
  <testcase classname="org.fw.UdemyPG.eCommerce_tc_2" name="FillForm" time="18.57"/>
  <testcase classname="org.fw.UdemyPG.eCommerce_tc_2" name="VerifyErrorToastMessage" time="6.893"/>
</testsuite> <!-- Test -->
