<?xml version="1.0" encoding="UTF-8"?>
<testng-results ignored="0" total="3" passed="3" failed="0" skipped="0">
  <reporter-output>
  </reporter-output>
  <suite started-at="2023-10-25T16:22:03 IST" name="Suite" finished-at="2023-10-25T16:23:19 IST" duration-ms="76348">
    <groups>
    </groups>
    <test started-at="2023-10-25T16:22:03 IST" name="Test" finished-at="2023-10-25T16:23:19 IST" duration-ms="76348">
      <class name="org.fw.UdemyPG.eCommerce_tc_2">
        <test-method is-config="true" signature="configureAppium()[pri:0, instance:org.fw.UdemyPG.eCommerce_tc_2@15dcfae7]" started-at="2023-10-25T16:22:03 IST" name="configureAppium" finished-at="2023-10-25T16:22:26 IST" duration-ms="23014" status="PASS">
          <reporter-output>
          </reporter-output>
        </test-method> <!-- configureAppium -->
        <test-method is-config="true" signature="preSetup()[pri:0, instance:org.fw.UdemyPG.eCommerce_tc_2@15dcfae7]" started-at="2023-10-25T16:22:26 IST" name="preSetup" finished-at="2023-10-25T16:22:29 IST" duration-ms="3043" status="PASS">
          <reporter-output>
          </reporter-output>
        </test-method> <!-- preSetup -->
        <test-method signature="FillForm(java.lang.String,java.lang.String,java.lang.String)[pri:0, instance:org.fw.UdemyPG.eCommerce_tc_2@15dcfae7]" started-at="2023-10-25T16:22:29 IST" name="FillForm" data-provider="getData" finished-at="2023-10-25T16:22:48 IST" duration-ms="19027" status="PASS">
          <params>
            <param index="0">
              <value>
                <![CDATA[Prashant]]>
              </value>
            </param>
            <param index="1">
              <value>
                <![CDATA[female]]>
              </value>
            </param>
            <param index="2">
              <value>
                <![CDATA[Argentina]]>
              </value>
            </param>
          </params>
          <reporter-output>
          </reporter-output>
        </test-method> <!-- FillForm -->
        <test-method is-config="true" signature="preSetup()[pri:0, instance:org.fw.UdemyPG.eCommerce_tc_2@15dcfae7]" started-at="2023-10-25T16:22:48 IST" name="preSetup" finished-at="2023-10-25T16:22:50 IST" duration-ms="2320" status="PASS">
          <reporter-output>
          </reporter-output>
        </test-method> <!-- preSetup -->
        <test-method signature="FillForm(java.lang.String,java.lang.String,java.lang.String)[pri:0, instance:org.fw.UdemyPG.eCommerce_tc_2@15dcfae7]" started-at="2023-10-25T16:22:50 IST" name="FillForm" data-provider="getData" finished-at="2023-10-25T16:23:09 IST" duration-ms="18570" status="PASS">
          <params>
            <param index="0">
              <value>
                <![CDATA[Guleria]]>
              </value>
            </param>
            <param index="1">
              <value>
                <![CDATA[male]]>
              </value>
            </param>
            <param index="2">
              <value>
                <![CDATA[Australia]]>
              </value>
            </param>
          </params>
          <reporter-output>
          </reporter-output>
        </test-method> <!-- FillForm -->
        <test-method is-config="true" signature="preSetup()[pri:0, instance:org.fw.UdemyPG.eCommerce_tc_2@15dcfae7]" started-at="2023-10-25T16:23:09 IST" name="preSetup" finished-at="2023-10-25T16:23:12 IST" duration-ms="2911" status="PASS">
          <reporter-output>
          </reporter-output>
        </test-method> <!-- preSetup -->
        <test-method signature="VerifyErrorToastMessage()[pri:0, instance:org.fw.UdemyPG.eCommerce_tc_2@15dcfae7]" started-at="2023-10-25T16:23:12 IST" name="VerifyErrorToastMessage" finished-at="2023-10-25T16:23:19 IST" duration-ms="6893" status="PASS">
          <reporter-output>
          </reporter-output>
        </test-method> <!-- VerifyErrorToastMessage -->
        <test-method is-config="true" signature="testdown()[pri:0, instance:org.fw.UdemyPG.eCommerce_tc_2@15dcfae7]" started-at="2023-10-25T16:23:19 IST" name="testdown" finished-at="2023-10-25T16:23:19 IST" duration-ms="481" status="PASS">
          <reporter-output>
          </reporter-output>
        </test-method> <!-- testdown -->
      </class> <!-- org.fw.UdemyPG.eCommerce_tc_2 -->
    </test> <!-- Test -->
  </suite> <!-- Suite -->
</testng-results>
